<?xml version="1.0" encoding="UTF-8"?>
<testsuites>
  <testsuite name="Performing_a_login" timestamp="2020-11-06T11:22:26" time="7.761" tests="1" failures="0" errors="0" skipped="0">
    <properties>
      <property name="specId" value="0"/>
      <property name="featureName" value="Performing a login"/>
      <property name="capabilities" value="firefox.63_0.windows"/>
      <property name="featureFile" value=".\test\features\herokuapp-login.feature"/>
    </properties>
    <testcase classname="CucumberJUnitReport-firefox.63_0.windows.Performing_a_login" name="Performing_a_login.Performing_login_operation_with_passing_test_data_as_data_table" time="7.538">
      <system-out>
        <![CDATA[
✅ Given I am on the herokuapp login page✅ When I login with username and password "tomsmith" "SuperSecretPassword!" into the text box✅ Then I should see the message "Welcome to the Secure Area. When you are done click logout below." on the landing page
]]>
      </system-out>
    </testcase>
  </testsuite>
</testsuites>